app/build/intermediates/manifest_merge_blame_file/debug/manifest-merger-blame-debug-report.txt
1<?xml version="1.0" encoding="utf-8"?>
2<manifest xmlns:android="http://schemas.android.com/apk/res/android"
3    xmlns:dist="http://schemas.android.com/apk/distribution"
4    package="com.example.meubizu"
5    android:versionCode="1"
6    android:versionName="1.0" >
7
8    <uses-sdk
9        android:minSdkVersion="19"
9-->src\main\AndroidManifest.xml
10        android:targetSdkVersion="29" />
10-->src\main\AndroidManifest.xml
11
12    <uses-permission android:name="android.permission.INTERNET" />
12-->src\main\AndroidManifest.xml:6:5-67
12-->src\main\AndroidManifest.xml:6:22-64
13    <uses-permission android:name="android.permission.RECEIVE_BOOT_COMPLETED" />
13-->src\main\AndroidManifest.xml:7:5-81
13-->src\main\AndroidManifest.xml:7:22-78
14
15    <dist:module dist:instant="true" />
15-->src\main\AndroidManifest.xml:69:5-40
15-->src\main\AndroidManifest.xml:69:18-37
16
17    <application
17-->src\main\AndroidManifest.xml:10:5-67:19
18        android:allowBackup="true"
18-->src\main\AndroidManifest.xml:11:9-35
19        android:appComponentFactory="androidx.core.app.CoreComponentFactory"
19-->[androidx.core:core:1.0.1] AndroidManifest.xml:22:18-86
20        android:debuggable="true"
21        android:icon="@mipmap/ic_launcher"
21-->src\main\AndroidManifest.xml:12:9-43
22        android:label="@string/app_name"
22-->src\main\AndroidManifest.xml:13:9-41
23        android:roundIcon="@mipmap/ic_launcher_round"
23-->src\main\AndroidManifest.xml:14:9-54
24        android:supportsRtl="true"
24-->src\main\AndroidManifest.xml:15:9-35
25        android:testOnly="true"
26        android:theme="@style/AppTheme" >
26-->src\main\AndroidManifest.xml:16:9-40
27        <activity android:name="com.example.meubizu.view.VisualizarAgendamento" />
27-->src\main\AndroidManifest.xml:17:9-73
27-->src\main\AndroidManifest.xml:17:19-61
28        <activity android:name="com.example.meubizu.view.ajudaActivity" />
28-->src\main\AndroidManifest.xml:18:9-56
28-->src\main\AndroidManifest.xml:18:19-53
29        <activity
29-->src\main\AndroidManifest.xml:19:9-21:59
30            android:name="com.example.meubizu.view.materiaActivity"
30-->src\main\AndroidManifest.xml:20:13-49
31            android:theme="@style/FullScreenWithTopBar" />
31-->src\main\AndroidManifest.xml:21:13-56
32        <activity
32-->src\main\AndroidManifest.xml:22:9-24:65
33            android:name="com.example.meubizu.view.acontecimentoAgendaActivity"
33-->src\main\AndroidManifest.xml:23:13-61
34            android:parentActivityName="com.example.meubizu.view.agendaActivity" />
34-->src\main\AndroidManifest.xml:24:13-62
35        <activity android:name="com.example.meubizu.view.rascunhosActivity" />
35-->src\main\AndroidManifest.xml:25:9-60
35-->src\main\AndroidManifest.xml:25:19-57
36        <activity
36-->src\main\AndroidManifest.xml:26:9-28:63
37            android:name="com.example.meubizu.view.agendaActivity"
37-->src\main\AndroidManifest.xml:27:13-48
38            android:parentActivityName="com.example.meubizu.view.mainActivity" />
38-->src\main\AndroidManifest.xml:28:13-60
39        <activity
39-->src\main\AndroidManifest.xml:29:9-37:20
40            android:name="com.example.meubizu.view.TelaAbertura"
40-->src\main\AndroidManifest.xml:30:13-46
41            android:theme="@style/FullScreenWithTopBar" >
41-->src\main\AndroidManifest.xml:31:13-56
42            <intent-filter>
42-->src\main\AndroidManifest.xml:32:13-36:29
43                <action android:name="android.intent.action.MAIN" />
43-->src\main\AndroidManifest.xml:33:17-69
43-->src\main\AndroidManifest.xml:33:25-66
44
45                <category android:name="android.intent.category.LAUNCHER" />
45-->src\main\AndroidManifest.xml:35:17-77
45-->src\main\AndroidManifest.xml:35:27-74
46            </intent-filter>
47        </activity>
48        <activity android:name="com.example.meubizu.view.mainActivity" />
48-->src\main\AndroidManifest.xml:38:9-55
48-->src\main\AndroidManifest.xml:38:19-52
49        <activity android:name="com.example.meubizu.view.AdicionarComentarioActivity" />
49-->src\main\AndroidManifest.xml:39:9-70
49-->src\main\AndroidManifest.xml:39:19-67
50        <activity android:name="com.example.meubizu.view.ListaComentariosActivity" />
50-->src\main\AndroidManifest.xml:40:9-67
50-->src\main\AndroidManifest.xml:40:19-64
51        <activity android:name="com.example.meubizu.view.formularioActivity" />
51-->src\main\AndroidManifest.xml:41:9-61
51-->src\main\AndroidManifest.xml:41:19-58
52        <activity
52-->src\main\AndroidManifest.xml:42:9-44:63
53            android:name="com.example.meubizu.view.direitosAutoraisActivity"
53-->src\main\AndroidManifest.xml:43:13-58
54            android:parentActivityName="com.example.meubizu.view.mainActivity" />
54-->src\main\AndroidManifest.xml:44:13-60
55        <activity
55-->src\main\AndroidManifest.xml:45:9-47:63
56            android:name="com.example.meubizu.view.cronogramaActivity"
56-->src\main\AndroidManifest.xml:46:13-52
57            android:parentActivityName="com.example.meubizu.view.mainActivity" />
57-->src\main\AndroidManifest.xml:47:13-60
58        <activity android:name="com.example.meubizu.view.RascunhoActivity" />
58-->src\main\AndroidManifest.xml:48:9-59
58-->src\main\AndroidManifest.xml:48:19-56
59
60        <receiver android:name="com.example.meubizu.view.InicioActivityBroadcast" >
60-->src\main\AndroidManifest.xml:50:9-55:20
60-->src\main\AndroidManifest.xml:50:19-63
61            <intent-filter>
61-->src\main\AndroidManifest.xml:51:13-54:29
62                <action android:name="android.intent.action.BOOT_COMPLETED" />
62-->src\main\AndroidManifest.xml:52:17-79
62-->src\main\AndroidManifest.xml:52:25-76
63                <action android:name="android.intent.action.QUICKBOOT_POWERON" />
63-->src\main\AndroidManifest.xml:53:17-82
63-->src\main\AndroidManifest.xml:53:25-79
64            </intent-filter>
65        </receiver>
66
67        <provider
68            android:name="androidx.core.content.FileProvider"
68-->src\main\AndroidManifest.xml:58:13-62
69            android:authorities="com.example.meubizu.provider"
69-->src\main\AndroidManifest.xml:59:13-60
70            android:exported="false"
70-->src\main\AndroidManifest.xml:60:13-37
71            android:grantUriPermissions="true" >
71-->src\main\AndroidManifest.xml:61:13-47
72            <meta-data
72-->src\main\AndroidManifest.xml:62:13-64:63
73                android:name="android.support.FILE_PROVIDER_PATHS"
73-->src\main\AndroidManifest.xml:63:17-67
74                android:resource="@xml/file_provider_paths" />
74-->src\main\AndroidManifest.xml:64:17-60
75        </provider>
76    </application>
77
78</manifest>